0 info it worked if it ends with ok
1 verbose cli [ '/usr/local/bin/node', '/usr/local/bin/npm', 'publish' ]
2 info using npm@2.14.12
3 info using node@v4.2.6
4 verbose publish [ '.' ]
5 silly cache add args [ '.', null ]
6 verbose cache add spec .
7 silly cache add parsed spec Result {
7 silly cache add   raw: '.',
7 silly cache add   scope: null,
7 silly cache add   name: null,
7 silly cache add   rawSpec: '.',
7 silly cache add   spec: '/Users/andrew/Documents/coderiver/npm/vagin',
7 silly cache add   type: 'directory' }
8 verbose addLocalDirectory /Users/andrew/.npm/image-sequences/0.0.1/package.tgz not in flight; packing
9 verbose tar pack [ '/Users/andrew/.npm/image-sequences/0.0.1/package.tgz',
9 verbose tar pack   '/Users/andrew/Documents/coderiver/npm/vagin' ]
10 verbose tarball /Users/andrew/.npm/image-sequences/0.0.1/package.tgz
11 verbose folder /Users/andrew/Documents/coderiver/npm/vagin
12 info prepublish image-sequences@0.0.1
13 verbose addLocalTarball adding from inside cache /Users/andrew/.npm/image-sequences/0.0.1/package.tgz
14 silly cache afterAdd image-sequences@0.0.1
15 verbose afterAdd /Users/andrew/.npm/image-sequences/0.0.1/package/package.json not in flight; writing
16 verbose afterAdd /Users/andrew/.npm/image-sequences/0.0.1/package/package.json written
17 silly publish { name: 'image-sequences',
17 silly publish   version: '0.0.1',
17 silly publish   description: 'Plugin for playing image sequences.',
17 silly publish   main: 'index.js',
17 silly publish   scripts: { test: 'echo "Error: no test specified" && exit 1' },
17 silly publish   repository:
17 silly publish    { type: 'git',
17 silly publish      url: 'git+https://github.com/whats0n/imageSequences.js.git' },
17 silly publish   keywords:
17 silly publish    [ 'sequence',
17 silly publish      'sequences',
17 silly publish      'plugin',
17 silly publish      'images',
17 silly publish      'canvas',
17 silly publish      'animation' ],
17 silly publish   author: { name: 'Valentyn Dorosh & Andrey Gnilitskiy' },
17 silly publish   license: 'MIT',
17 silly publish   bugs: { url: 'https://github.com/whats0n/imageSequences/issues' },
17 silly publish   homepage: 'https://github.com/whats0n/imageSequences#readme',
17 silly publish   readme: '# Installation\n```npm install vagin --save-dev```\n## Usage\n```js\nnew Sequence({\n    path: \'img/\',\n    extension: \'jpg\',\n    format: \'0000\',\n    amount: 60,\n    canvas: \'.js-sequence\'\n});\n```\nThank you!',
17 silly publish   readmeFilename: 'README.md',
17 silly publish   gitHead: 'aab58f809d311e690957f2e7cfead5da6c2ba60e',
17 silly publish   _id: 'image-sequences@0.0.1',
17 silly publish   _shasum: 'f3b9d507af7da5535c7ec565ea90992039cc4ac4',
17 silly publish   _from: '.' }
18 verbose getPublishConfig undefined
19 silly mapToRegistry name image-sequences
20 silly mapToRegistry using default registry
21 silly mapToRegistry registry https://registry.npmjs.org/
22 silly mapToRegistry uri https://registry.npmjs.org/image-sequences
23 verbose publish registryBase https://registry.npmjs.org/
24 silly publish uploading /Users/andrew/.npm/image-sequences/0.0.1/package.tgz
25 verbose request uri https://registry.npmjs.org/image-sequences
26 verbose request sending authorization for write operation
27 info attempt registry request try #1 at 11:50:02 PM
28 verbose request using bearer token for auth
29 verbose request id 212c2e2fc915f318
30 http request PUT https://registry.npmjs.org/image-sequences
31 http 403 https://registry.npmjs.org/image-sequences
32 verbose headers { 'content-type': 'application/json',
32 verbose headers   'cache-control': 'max-age=300',
32 verbose headers   'content-length': '95',
32 verbose headers   'accept-ranges': 'bytes',
32 verbose headers   date: 'Tue, 18 Oct 2016 20:50:04 GMT',
32 verbose headers   via: '1.1 varnish',
32 verbose headers   connection: 'keep-alive',
32 verbose headers   'x-served-by': 'cache-fra1227-FRA',
32 verbose headers   'x-cache': 'MISS',
32 verbose headers   'x-cache-hits': '0',
32 verbose headers   'x-timer': 'S1476823803.055847,VS0,VE1010',
32 verbose headers   vary: 'Accept-Encoding' }
33 verbose request invalidating /Users/andrew/.npm/registry.npmjs.org/image-sequences on PUT
34 error publish Failed PUT 403
35 verbose stack Error: "You cannot publish over the previously published version 0.0.1." : image-sequences
35 verbose stack     at makeError (/usr/local/lib/node_modules/npm/node_modules/npm-registry-client/lib/request.js:264:12)
35 verbose stack     at CachingRegistryClient.<anonymous> (/usr/local/lib/node_modules/npm/node_modules/npm-registry-client/lib/request.js:252:14)
35 verbose stack     at Request._callback (/usr/local/lib/node_modules/npm/node_modules/npm-registry-client/lib/request.js:172:14)
35 verbose stack     at Request.self.callback (/usr/local/lib/node_modules/npm/node_modules/request/request.js:198:22)
35 verbose stack     at emitTwo (events.js:87:13)
35 verbose stack     at Request.emit (events.js:172:7)
35 verbose stack     at Request.<anonymous> (/usr/local/lib/node_modules/npm/node_modules/request/request.js:1082:10)
35 verbose stack     at emitOne (events.js:82:20)
35 verbose stack     at Request.emit (events.js:169:7)
35 verbose stack     at IncomingMessage.<anonymous> (/usr/local/lib/node_modules/npm/node_modules/request/request.js:1009:12)
36 verbose statusCode 403
37 verbose pkgid image-sequences
38 verbose cwd /Users/andrew/Documents/coderiver/npm/vagin
39 error Darwin 15.6.0
40 error argv "/usr/local/bin/node" "/usr/local/bin/npm" "publish"
41 error node v4.2.6
42 error npm  v2.14.12
43 error code E403
44 error "You cannot publish over the previously published version 0.0.1." : image-sequences
45 error If you need help, you may report this error at:
45 error     <https://github.com/npm/npm/issues>
46 verbose exit [ 1, true ]
